[34m[1mwandb[39m[22m: [32m[41mERROR[39m[49m type %s specified but this artifact is of type %s
Traceback (most recent call last):
  File "/usr/local/envs/mlflow-5379b70c4c4420dca1e95244cbe993aa6f71772d/lib/python3.9/site-packages/wandb/apis/normalize.py", line 24, in wrapper
    return func(*args, **kwargs)
  File "/usr/local/envs/mlflow-5379b70c4c4420dca1e95244cbe993aa6f71772d/lib/python3.9/site-packages/wandb/apis/public.py", line 559, in artifact
    raise ValueError("type %s specified but this artifact is of type %s")
ValueError: type %s specified but this artifact is of type %s
During handling of the above exception, another exception occurred:
Traceback (most recent call last):
  File "/content/nd0821-c2-build-model-workflow-starter/src/basic_cleaning/run.py", line 95, in <module>
    go(args)
  File "/content/nd0821-c2-build-model-workflow-starter/src/basic_cleaning/run.py", line 37, in go
    artifact = run.use_artifact('iti-/nd0821-c2-build-model-workflow-starter-components_get_data/data_to_be_cleaned:v0', type='nd0821-c2-build-model-workflow-starter-src_basic_cleaning')
  File "/usr/local/envs/mlflow-5379b70c4c4420dca1e95244cbe993aa6f71772d/lib/python3.9/site-packages/wandb/sdk/wandb_run.py", line 2021, in use_artifact
    artifact = public_api.artifact(type=type, name=name)
  File "/usr/local/envs/mlflow-5379b70c4c4420dca1e95244cbe993aa6f71772d/lib/python3.9/site-packages/wandb/apis/normalize.py", line 62, in wrapper
    six.reraise(CommError, CommError(message, err), sys.exc_info()[2])
  File "/usr/local/envs/mlflow-5379b70c4c4420dca1e95244cbe993aa6f71772d/lib/python3.9/site-packages/six.py", line 718, in reraise
    raise value.with_traceback(tb)
  File "/usr/local/envs/mlflow-5379b70c4c4420dca1e95244cbe993aa6f71772d/lib/python3.9/site-packages/wandb/apis/normalize.py", line 24, in wrapper
    return func(*args, **kwargs)
  File "/usr/local/envs/mlflow-5379b70c4c4420dca1e95244cbe993aa6f71772d/lib/python3.9/site-packages/wandb/apis/public.py", line 559, in artifact
    raise ValueError("type %s specified but this artifact is of type %s")
wandb.errors.CommError: type %s specified but this artifact is of type %s